Arguments: 
  C:\Program Files\nodejs\node.exe C:\Program Files (x86)\Yarn\bin\yarn.js install

PATH: 
  C:\ProgramData\Oracle\Java\javapath;C:\Program Files (x86)\Common Files\NetSarang;C:\Program Files (x86)\Intel\iCLS Client\;C:\Program Files\Intel\iCLS Client\;C:\Windows\system32;C:\Windows;C:\Windows\System32\Wbem;C:\Windows\System32\WindowsPowerShell\v1.0\;C:\Program Files (x86)\Intel\Intel(R) Management Engine Components\DAL;C:\Program Files\Intel\Intel(R) Management Engine Components\DAL;C:\Program Files (x86)\Intel\Intel(R) Management Engine Components\IPT;C:\Program Files\Intel\Intel(R) Management Engine Components\IPT;C:\Program Files\Intel\WiFi\bin\;C:\Program Files\Common Files\Intel\WirelessCommon\;C:\Program Files (x86)\NVIDIA Corporation\PhysX\Common;F:\svn\bin;F:\Git\cmd;C:\Program Files\nodejs\;C:\Program Files (x86)\Yarn\bin\;C:\WINDOWS\system32;C:\WINDOWS;C:\WINDOWS\System32\Wbem;C:\WINDOWS\System32\WindowsPowerShell\v1.0\;C:\ProgramData\Microsoft\Windows\Start Menu\Programs\Android Studio;"C:\Program Files (x86)\Java\jdk1.8.0_144\bin;C:\Program Files (x86)\Java\jdk1.8.0_144\jre\bin";C:\WINDOWS\System32\OpenSSH\;C:\Users\zhouwensheng\AppData\Local\Microsoft\WindowsApps;;F:\Microsoft VS Code\bin;C:\Users\zhouwensheng\AppData\Roaming\npm;C:\Users\zhouwensheng\AppData\Local\Yarn\bin

Yarn version: 
  1.5.1

Node version: 
  6.9.4

Platform: 
  win32 x64

npm manifest: 
  {
    "name": "zhou",
    "version": "1.0.0",
    "description": "",
    "main": "index.js",
    "scripts": {
      "test": "echo \"Error: no test specified\" && exit 1",
      "dev": "cross-env webpack-dev-server --open --hot"
    },
    "author": "",
    "license": "ISC",
    "dependencies": {
      "babel-plugin-transform-runtime": "^6.23.0",
      "jquery": "^3.2.1",
      "pug": "^2.0.0-rc.4",
      "vue": "^2.4.4",
      "vue-lazyload": "^1.1.4",
      "vue-waterfall-easy": "^1.0.8",
      "vuex": "^3.0.1"
    },
    "browserslist": [
      "> 1%",
      "last 2 versions",
      "not ie <= 8"
    ],
    "devDependencies": {
      "axios": "^0.17.1",
      "babel": "^6.23.0",
      "babel-core": "^6.26.0",
      "babel-loader": "^7.1.2",
      "babel-preset-env": "^1.6.0",
      "babel-preset-es2015": "^6.24.1",
      "babel-preset-stage-2": "^6.24.1",
      "babel-preset-stage-3": "^6.24.1",
      "copy-webpack-plugin": "^4.5.2",
      "cross-env": "^5.0.5",
      "css-loader": "^0.28.11",
      "es2015": "^0.0.0",
      "extract-text-webpack-plugin": "^3.0.2",
      "file-loader": "^1.1.4",
      "html-webpack-plugin": "^3.2.0",
      "node-sass": "^4.5.3",
      "path-exists": "^3.0.0",
      "sass-loader": "^6.0.7",
      "underscore": "^1.8.3",
      "url-loader": "^0.6.2",
      "vue-loader": "^13.7.2",
      "vue-router": "^3.0.1",
      "vue-template-compiler": "^2.4.4",
      "vue-waterfall-easy": "^1.0.8",
      "vuex": "^3.0.1",
      "webpack": "^3.12.0",
      "webpack-dev-server": "^2.9.1"
    }
  }

yarn manifest: 
  No manifest

Lockfile: 
  No lockfile

Trace: 
  Error: ENOENT: no such file or directory, open 'C:\Users\zhouwensheng\Desktop\xinjian\node_modules\copy-webpack-plugin\node_modules\is-extglob\index.js'
      at Error (native)
